## 1.2.0

重大更新：添加直播系统，支持obstudio直播信号覆盖

- 修复抽签系统数据检验时的bug
- 修正java栈深设置
- judge 的reinfo处理乱码字符
- 修复balloon系统已知bug
- 中文faq、气球管理优化、school rank总罚时按分钟
- school rank 不统计打星队
- 为wa diff 添加行号



## 1.1.0

- 增加单pod评测机可用内存
- 修复WA结果对比格式问题
- 控制WA信息长度，按行数改为按字节
- 评测默认参数忽略行末空格
- ojweb启动时设置judge data目录权限避免读写问题
- rejudge界面更新，支持勾选类型
- status页面支持管理员点击按钮rejudge
- 罚时计算更新：题目罚时保持按秒，总罚时为求和后近似到分钟
- feature:导出获奖名单增加奖项，增加格式良好的excel导出
- fix: 滚榜penalty计算更改后的校对
- update: 滚榜的队伍图片允许浏览器缓存，更换请注意清缓存
- feature: new rank自动滚动
- update: 优化new rank 自动滚动
- rmv: 不再提供一键重判整个比赛的功能，避免误操作或网络问题导致严重后果
- update: 评测数据上传逻辑调整，避免上传非数据非spj源码的内容
- update: 升级气球系统，不再使用缓存，改为使用数据库，旧版需更新数据库
- update: 打印支持printer限定room
- 标准比赛中部分菜单汉化
- update: status 添加 Judger 列，便于定位评测机
- update: 启动参数支持配置文件、自动保存配置日志
